Performing C SOURCE FILE Test CMAKE_HAVE_LIBC_PTHREAD failed with the following output:
Change Dir: /home/miromar/Documentos/Pessoal/Doutorado/Análise de Algoritmos/MAPF-LNS/MAPF-LNS/build/CMakeFiles/CMakeTmp

Run Build Command(s):/usr/bin/make cmTC_d84aa/fast && /usr/bin/make  -f CMakeFiles/cmTC_d84aa.dir/build.make CMakeFiles/cmTC_d84aa.dir/build
make[1]: Entrando no diretório '/home/miromar/Documentos/Pessoal/Doutorado/Análise de Algoritmos/MAPF-LNS/MAPF-LNS/build/CMakeFiles/CMakeTmp'
Building C object CMakeFiles/cmTC_d84aa.dir/src.c.o
/usr/bin/cc   -DCMAKE_HAVE_LIBC_PTHREAD -o CMakeFiles/cmTC_d84aa.dir/src.c.o -c "/home/miromar/Documentos/Pessoal/Doutorado/Análise de Algoritmos/MAPF-LNS/MAPF-LNS/build/CMakeFiles/CMakeTmp/src.c"
Linking C executable cmTC_d84aa
/usr/bin/cmake -E cmake_link_script CMakeFiles/cmTC_d84aa.dir/link.txt --verbose=1
/usr/bin/cc  -DCMAKE_HAVE_LIBC_PTHREAD CMakeFiles/cmTC_d84aa.dir/src.c.o -o cmTC_d84aa 
/usr/bin/ld: CMakeFiles/cmTC_d84aa.dir/src.c.o: na função "main":
src.c:(.text+0x46): referência não definida para "pthread_create"
/usr/bin/ld: src.c:(.text+0x52): referência não definida para "pthread_detach"
/usr/bin/ld: src.c:(.text+0x5e): referência não definida para "pthread_cancel"
/usr/bin/ld: src.c:(.text+0x6f): referência não definida para "pthread_join"
collect2: error: ld returned 1 exit status
make[1]: *** [CMakeFiles/cmTC_d84aa.dir/build.make:106: cmTC_d84aa] Erro 1
make[1]: Saindo do diretório '/home/miromar/Documentos/Pessoal/Doutorado/Análise de Algoritmos/MAPF-LNS/MAPF-LNS/build/CMakeFiles/CMakeTmp'
make: *** [Makefile:140: cmTC_d84aa/fast] Erro 2


Source file was:
#include <pthread.h>

void* test_func(void* data)
{
  return data;
}

int main(void)
{
  pthread_t thread;
  pthread_create(&thread, NULL, test_func, NULL);
  pthread_detach(thread);
  pthread_cancel(thread);
  pthread_join(thread, NULL);
  pthread_atfork(NULL, NULL, NULL);
  pthread_exit(NULL);

  return 0;
}

